<?xml version="1.0" encoding="UTF-8"?>
<coverage generated="1644054527588" clover="3.2.0">
  <project timestamp="1644054527589" name="All files">
    <metrics statements="24" coveredstatements="9" conditionals="4" coveredconditionals="1" methods="10" coveredmethods="2" elements="38" coveredelements="12" complexity="0" loc="24" ncloc="24" packages="2" files="4" classes="4"/>
    <package name="seeds">
      <metrics statements="2" coveredstatements="2" conditionals="0" coveredconditionals="0" methods="0" coveredmethods="0"/>
      <file name="comments.js" path="C:\Users\Rain\Documents\GitHub\Foodeez\seeds\comments.js">
        <metrics statements="1" coveredstatements="1" conditionals="0" coveredconditionals="0" methods="0" coveredmethods="0"/>
        <line num="1" count="1" type="stmt"/>
      </file>
      <file name="shows.js" path="C:\Users\Rain\Documents\GitHub\Foodeez\seeds\shows.js">
        <metrics statements="1" coveredstatements="1" conditionals="0" coveredconditionals="0" methods="0" coveredmethods="0"/>
        <line num="1" count="1" type="stmt"/>
      </file>
    </package>
    <package name="src.components">
      <metrics statements="22" coveredstatements="7" conditionals="4" coveredconditionals="1" methods="10" coveredmethods="2"/>
      <file name="comments.js" path="C:\Users\Rain\Documents\GitHub\Foodeez\src\components\comments.js">
        <metrics statements="20" coveredstatements="5" conditionals="4" coveredconditionals="1" methods="9" coveredmethods="1"/>
        <line num="1" count="1" type="stmt"/>
        <line num="2" count="1" type="cond" truecount="1" falsecount="1"/>
        <line num="3" count="1" type="stmt"/>
        <line num="5" count="0" type="stmt"/>
        <line num="8" count="1" type="stmt"/>
        <line num="9" count="0" type="stmt"/>
        <line num="10" count="0" type="stmt"/>
        <line num="12" count="0" type="cond" truecount="0" falsecount="2"/>
        <line num="13" count="0" type="stmt"/>
        <line num="14" count="0" type="stmt"/>
        <line num="15" count="0" type="stmt"/>
        <line num="18" count="0" type="stmt"/>
        <line num="22" count="1" type="stmt"/>
        <line num="23" count="0" type="stmt"/>
        <line num="34" count="0" type="stmt"/>
        <line num="35" count="0" type="stmt"/>
        <line num="36" count="0" type="stmt"/>
        <line num="38" count="0" type="stmt"/>
        <line num="39" count="0" type="stmt"/>
        <line num="41" count="0" type="stmt"/>
      </file>
      <file name="itemCounter.js" path="C:\Users\Rain\Documents\GitHub\Foodeez\src\components\itemCounter.js">
        <metrics statements="2" coveredstatements="2" conditionals="0" coveredconditionals="0" methods="1" coveredmethods="1"/>
        <line num="1" count="1" type="stmt"/>
        <line num="2" count="1" type="stmt"/>
      </file>
    </package>
  </project>
</coverage>
