{"C:\\Users\\Rain\\Documents\\GitHub\\Foodeez\\seeds\\comments.js": {"path":"C:\\Users\\Rain\\Documents\\GitHub\\Foodeez\\seeds\\comments.js","statementMap":{"0":{"start":{"line":1,"column":17},"end":{"line":5,"column":1}}},"fnMap":{},"branchMap":{},"s":{"0":1},"f":{},"b":{},"_coverageSchema":"1a1c01bbd47fc00a2c39e90264f33305004495a9","hash":"66808f595a1bccba9049d768d63805d60e3b9417"}
,"C:\\Users\\Rain\\Documents\\GitHub\\Foodeez\\seeds\\shows.js": {"path":"C:\\Users\\Rain\\Documents\\GitHub\\Foodeez\\seeds\\shows.js","statementMap":{"0":{"start":{"line":1,"column":15},"end":{"line":408,"column":1}}},"fnMap":{},"branchMap":{},"s":{"0":1},"f":{},"b":{},"_coverageSchema":"1a1c01bbd47fc00a2c39e90264f33305004495a9","hash":"ff2c05db317a03d495f48c276663f67dcf1c5b9a"}
,"C:\\Users\\Rain\\Documents\\GitHub\\Foodeez\\src\\components\\comments.js": {"path":"C:\\Users\\Rain\\Documents\\GitHub\\Foodeez\\src\\components\\comments.js","statementMap":{"0":{"start":{"line":1,"column":28},"end":{"line":6,"column":1}},"1":{"start":{"line":2,"column":2},"end":{"line":4,"column":3}},"2":{"start":{"line":3,"column":4},"end":{"line":3,"column":38}},"3":{"start":{"line":5,"column":2},"end":{"line":5,"column":32}},"4":{"start":{"line":8,"column":27},"end":{"line":20,"column":1}},"5":{"start":{"line":9,"column":2},"end":{"line":19,"column":7}},"6":{"start":{"line":10,"column":24},"end":{"line":10,"column":39}},"7":{"start":{"line":12,"column":6},"end":{"line":17,"column":7}},"8":{"start":{"line":13,"column":8},"end":{"line":13,"column":49}},"9":{"start":{"line":14,"column":8},"end":{"line":16,"column":11}},"10":{"start":{"line":15,"column":10},"end":{"line":15,"column":128}},"11":{"start":{"line":18,"column":6},"end":{"line":18,"column":52}},"12":{"start":{"line":22,"column":27},"end":{"line":42,"column":1}},"13":{"start":{"line":23,"column":2},"end":{"line":36,"column":25}},"14":{"start":{"line":34,"column":24},"end":{"line":34,"column":39}},"15":{"start":{"line":35,"column":20},"end":{"line":35,"column":24}},"16":{"start":{"line":36,"column":20},"end":{"line":36,"column":23}},"17":{"start":{"line":38,"column":2},"end":{"line":38,"column":22}},"18":{"start":{"line":39,"column":2},"end":{"line":39,"column":21}},"19":{"start":{"line":41,"column":2},"end":{"line":41,"column":52}}},"fnMap":{"0":{"name":"(anonymous_0)","decl":{"start":{"line":1,"column":28},"end":{"line":1,"column":29}},"loc":{"start":{"line":1,"column":38},"end":{"line":6,"column":1}},"line":1},"1":{"name":"(anonymous_1)","decl":{"start":{"line":8,"column":27},"end":{"line":8,"column":28}},"loc":{"start":{"line":8,"column":69},"end":{"line":20,"column":1}},"line":8},"2":{"name":"(anonymous_2)","decl":{"start":{"line":10,"column":10},"end":{"line":10,"column":11}},"loc":{"start":{"line":10,"column":24},"end":{"line":10,"column":39}},"line":10},"3":{"name":"(anonymous_3)","decl":{"start":{"line":11,"column":10},"end":{"line":11,"column":11}},"loc":{"start":{"line":11,"column":20},"end":{"line":19,"column":5}},"line":11},"4":{"name":"(anonymous_4)","decl":{"start":{"line":14,"column":21},"end":{"line":14,"column":22}},"loc":{"start":{"line":14,"column":31},"end":{"line":16,"column":9}},"line":14},"5":{"name":"(anonymous_5)","decl":{"start":{"line":22,"column":27},"end":{"line":22,"column":28}},"loc":{"start":{"line":22,"column":88},"end":{"line":42,"column":1}},"line":22},"6":{"name":"(anonymous_6)","decl":{"start":{"line":34,"column":10},"end":{"line":34,"column":11}},"loc":{"start":{"line":34,"column":24},"end":{"line":34,"column":39}},"line":34},"7":{"name":"(anonymous_7)","decl":{"start":{"line":35,"column":10},"end":{"line":35,"column":11}},"loc":{"start":{"line":35,"column":20},"end":{"line":35,"column":24}},"line":35},"8":{"name":"(anonymous_8)","decl":{"start":{"line":36,"column":11},"end":{"line":36,"column":12}},"loc":{"start":{"line":36,"column":20},"end":{"line":36,"column":23}},"line":36}},"branchMap":{"0":{"loc":{"start":{"line":2,"column":2},"end":{"line":4,"column":3}},"type":"if","locations":[{"start":{"line":2,"column":2},"end":{"line":4,"column":3}},{"start":{},"end":{}}],"line":2},"1":{"loc":{"start":{"line":12,"column":6},"end":{"line":17,"column":7}},"type":"if","locations":[{"start":{"line":12,"column":6},"end":{"line":17,"column":7}},{"start":{},"end":{}}],"line":12}},"s":{"0":1,"1":1,"2":1,"3":0,"4":1,"5":0,"6":0,"7":0,"8":0,"9":0,"10":0,"11":0,"12":1,"13":0,"14":0,"15":0,"16":0,"17":0,"18":0,"19":0},"f":{"0":1,"1":0,"2":0,"3":0,"4":0,"5":0,"6":0,"7":0,"8":0},"b":{"0":[1,0],"1":[0,0]},"_coverageSchema":"1a1c01bbd47fc00a2c39e90264f33305004495a9","hash":"085bab94a24721bc097840a95bd0288a9b47c9b4"}
,"C:\\Users\\Rain\\Documents\\GitHub\\Foodeez\\src\\components\\itemCounter.js": {"path":"C:\\Users\\Rain\\Documents\\GitHub\\Foodeez\\src\\components\\itemCounter.js","statementMap":{"0":{"start":{"line":1,"column":20},"end":{"line":3,"column":1}},"1":{"start":{"line":2,"column":2},"end":{"line":2,"column":57}}},"fnMap":{"0":{"name":"(anonymous_0)","decl":{"start":{"line":1,"column":20},"end":{"line":1,"column":21}},"loc":{"start":{"line":1,"column":50},"end":{"line":3,"column":1}},"line":1}},"branchMap":{},"s":{"0":1,"1":1},"f":{"0":1},"b":{},"_coverageSchema":"1a1c01bbd47fc00a2c39e90264f33305004495a9","hash":"056ea8b0071947aa863ec4f566193c826bfac2ff"}
}
